<?xml version="1.0" encoding="UTF-8"?>
<!-- Generated by org.testng.reporters.JUnitReportReporter -->
<testsuite hostname="LAPTOP-6OACLVLF" failures="0" tests="1" name="com.Amazon_project.LoginTestCase" time="8.843" errors="0" timestamp="2021-12-13T19:23:59 IST" skipped="0">
  <testcase classname="com.Amazon_project.LoginTestCase" name="test_HomeLink" time="8.843"/>
  <system-out/>
</testsuite> <!-- com.Amazon_project.LoginTestCase -->
