<?xml version="1.0" encoding="UTF-8"?>
<!-- Generated by org.testng.reporters.JUnitReportReporter -->
<testsuite hostname="LAPTOP-6OACLVLF" failures="0" tests="2" name="com.Amazon_project_TestCases.LoginTest" time="4.022" errors="0" timestamp="2021-12-21T19:21:17 IST" skipped="0">
  <testcase classname="com.Amazon_project_TestCases.LoginTest" name="verify_valid_login" time="2.735"/>
  <system-out>
    <![CDATA[Login Successverified valid login]]>
  </system-out>
  <testcase classname="com.Amazon_project_TestCases.LoginTest" name="verify_invalid_login" time="1.287"/>
  <system-out>
    <![CDATA[Incorrect login, please try again.Invalid Login]]>
  </system-out>
</testsuite> <!-- com.Amazon_project_TestCases.LoginTest -->
