<?xml version="1.0" encoding="UTF-8"?>
<!-- Generated by org.testng.reporters.JUnitReportReporter -->
<testsuite hostname="LAPTOP-6OACLVLF" failures="0" tests="2" name="com.Amazon_project_TestCases.LoginTest" time="6.644" errors="0" timestamp="2021-12-22T19:08:52 IST" skipped="0">
  <testcase classname="com.Amazon_project_TestCases.LoginTest" name="verify_valid_login" time="4.041"/>
  <system-out>
    <![CDATA[Login Successverified valid login]]>
  </system-out>
  <testcase classname="com.Amazon_project_TestCases.LoginTest" name="verify_invalid_login" time="2.603"/>
  <system-out>
    <![CDATA[Login fail]]>
  </system-out>
</testsuite> <!-- com.Amazon_project_TestCases.LoginTest -->
