<?xml version="1.0" encoding="UTF-8"?>
<!-- Generated by org.testng.reporters.JUnitReportReporter -->
<testsuite skipped="0" hostname="LAPTOP-6OACLVLF" name="com.Amazon_project_TestCases.LoginTest" tests="2" failures="0" timestamp="2021-12-21T19:34:55 IST" time="5.195" errors="0">
  <testcase name="verify_valid_login" time="3.831" classname="com.Amazon_project_TestCases.LoginTest"/>
  <system-out>
    <![CDATA[Login Successverified valid login]]>
  </system-out>
  <testcase name="verify_invalid_login" time="1.364" classname="com.Amazon_project_TestCases.LoginTest"/>
  <system-out>
    <![CDATA[Login fail]]>
  </system-out>
</testsuite> <!-- com.Amazon_project_TestCases.LoginTest -->
