<?xml version="1.0" encoding="UTF-8"?>
<!-- Generated by org.testng.reporters.JUnitReportReporter -->
<testsuite hostname="LAPTOP-6OACLVLF" failures="0" tests="6" name="com.Amazon_project_TestCases.LoginTest" time="16.564" errors="0" timestamp="2021-12-22T08:53:59 IST" skipped="0">
  <testcase classname="com.Amazon_project_TestCases.LoginTest" name="verify_valid_login" time="3.625"/>
  <system-out>
    <![CDATA[Login Successverified valid login]]>
  </system-out>
  <testcase classname="com.Amazon_project_TestCases.LoginTest" name="verify_valid_login" time="3.906"/>
  <system-out>
    <![CDATA[Login Successverified valid login]]>
  </system-out>
  <testcase classname="com.Amazon_project_TestCases.LoginTest" name="verify_valid_login" time="3.714"/>
  <system-out>
    <![CDATA[Login Successverified valid login]]>
  </system-out>
  <testcase classname="com.Amazon_project_TestCases.LoginTest" name="verify_invalid_login" time="2.047"/>
  <system-out>
    <![CDATA[Login fail]]>
  </system-out>
  <testcase classname="com.Amazon_project_TestCases.LoginTest" name="verify_invalid_login" time="1.719"/>
  <system-out>
    <![CDATA[Login fail]]>
  </system-out>
  <testcase classname="com.Amazon_project_TestCases.LoginTest" name="verify_invalid_login" time="1.553"/>
  <system-out>
    <![CDATA[Login fail]]>
  </system-out>
</testsuite> <!-- com.Amazon_project_TestCases.LoginTest -->
